
22:59:00.688 [main] INFO  com.solvd.laba.oop.Main - PROJECT STARTS
22:59:00.706 [main] INFO  com.solvd.laba.oop.Main - CUSTOMER: Mariya Vasulivska Budget: 15000
22:59:00.716 [main] INFO  com.solvd.laba.oop.Main - APPLICATION: Application{name='AStore' timeToMake=2 months description='Appliation - online store with custom clothes'}
22:59:00.716 [main] INFO  com.solvd.laba.oop.Main - TEAM: COOLERS
22:59:00.728 [main] INFO  com.solvd.laba.oop.Main - FUNCTIONAL: Functional{ system=[IOS] numberOfTasks=8 mediaContent=true complexityApp=2}
22:59:00.729 [main] INFO  com.solvd.laba.oop.Main - The PRICE for this application will be:
22:59:00.730 [main] INFO  com.solvd.laba.oop.Main - 6284$
22:59:00.761 [main] INFO  com.solvd.laba.oop.Main - Wrote info about Team to the file infoEmployees.txt
22:59:00.774 [main] INFO  com.solvd.laba.oop.Main - Wrote info about technicks to the file infoTehnicks.txt
22:59:00.785 [main] INFO  com.solvd.laba.oop.Main - Wrote info about customer to the file infoCustomer.txt
22:59:00.785 [main] INFO  com.solvd.laba.oop.Main - PROJECT END 

22:59:28.102 [main] INFO  com.solvd.laba.oop.Main - PROJECT STARTS
22:59:28.113 [main] INFO  com.solvd.laba.oop.Main - CUSTOMER: Mariya Vasulivska Budget: 15000
22:59:28.122 [main] INFO  com.solvd.laba.oop.Main - APPLICATION: Application{name='AStore' timeToMake=2 months description='Appliation - online store with custom clothes'}
22:59:28.122 [main] INFO  com.solvd.laba.oop.Main - TEAM: COOLERS
22:59:28.134 [main] INFO  com.solvd.laba.oop.Main - FUNCTIONAL: Functional{ system=[IOS] numberOfTasks=8 mediaContent=true complexityApp=2}
22:59:28.135 [main] INFO  com.solvd.laba.oop.Main - The PRICE for this application will be:
22:59:28.135 [main] INFO  com.solvd.laba.oop.Main - 6284$
22:59:28.144 [main] INFO  com.solvd.laba.oop.Main - Wrote info about Team to the file infoEmployees.txt
22:59:28.152 [main] INFO  com.solvd.laba.oop.Main - Wrote info about technicks to the file infoTehnicks.txt
22:59:28.161 [main] INFO  com.solvd.laba.oop.Main - Wrote info about customer to the file infoCustomer.txt
22:59:28.161 [main] INFO  com.solvd.laba.oop.Main - PROJECT END 

22:59:53.845 [main] INFO  com.solvd.laba.oop.Main - PROJECT STARTS
22:59:53.860 [main] INFO  com.solvd.laba.oop.Main - CUSTOMER: Mariya Vasulivska Budget: 15000
22:59:53.865 [main] INFO  com.solvd.laba.oop.Main - APPLICATION: Application{name='AStore' timeToMake=2 months description='Appliation - online store with custom clothes'}
22:59:53.866 [main] INFO  com.solvd.laba.oop.Main - TEAM: COOLERS
22:59:53.877 [main] INFO  com.solvd.laba.oop.Main - FUNCTIONAL: Functional{ system=[IOS] numberOfTasks=8 mediaContent=true complexityApp=2}
22:59:53.877 [main] INFO  com.solvd.laba.oop.Main - The PRICE for this application will be:
22:59:53.878 [main] INFO  com.solvd.laba.oop.Main - 6281$
22:59:53.887 [main] INFO  com.solvd.laba.oop.Main - Wrote info about Team to the file infoEmployees.txt
22:59:53.896 [main] INFO  com.solvd.laba.oop.Main - Wrote info about technicks to the file infoTehnicks.txt
22:59:53.907 [main] INFO  com.solvd.laba.oop.Main - Wrote info about customer to the file infoCustomer.txt
22:59:53.907 [main] INFO  com.solvd.laba.oop.Main - PROJECT END 

